# JRE version: OpenJDK Runtime Environment (8.0_171-b10) (build 1.8.0_171-b10)
# Java VM: OpenJDK 64-Bit Server VM (25.171-b10 mixed mode linux-amd64 compressed oops)
Heap:
 PSYoungGen      total 236544K, used 194790K [0x000000076da00000, 0x00000007a1c00000, 0x00000007c0000000)
  eden space 236032K, 82% used [0x000000076da00000,0x00000007798218d0,0x000000077c080000)
  from space 512K, 18% used [0x00000007a1b80000,0x00000007a1b98000,0x00000007a1c00000)
  to   space 13824K, 0% used [0x00000007a0100000,0x00000007a0100000,0x00000007a0e80000)
 ParOldGen       total 169472K, used 52741K [0x00000006c8e00000, 0x00000006d3380000, 0x000000076da00000)
  object space 169472K, 31% used [0x00000006c8e00000,0x00000006cc181520,0x00000006d3380000)
 Metaspace       used 14084K, capacity 14356K, committed 14464K, reserved 1062912K
  class space    used 1272K, capacity 1370K, committed 1408K, reserved 1048576K
GC Heap History (10 events):
Event: 206.139 GC heap before
{Heap before GC invocations=32 (full 0):
 PSYoungGen      total 291840K, used 291413K [0x000000076da00000, 0x00000007a4600000, 0x00000007c0000000)
  eden space 288768K, 100% used [0x000000076da00000,0x000000077f400000,0x000000077f400000)
  from space 3072K, 86% used [0x00000007a2980000,0x00000007a2c157b8,0x00000007a2c80000)
  to   space 15360K, 0% used [0x00000007a3700000,0x00000007a3700000,0x00000007a4600000)
 ParOldGen       total 169472K, used 50055K [0x00000006c8e00000, 0x00000006d3380000, 0x000000076da00000)
  object space 169472K, 29% used [0x00000006c8e00000,0x00000006cbee1d68,0x00000006d3380000)
 Metaspace       used 14084K, capacity 14356K, committed 14464K, reserved 1062912K
  class space    used 1272K, capacity 1370K, committed 1408K, reserved 1048576K
Event: 206.141 GC heap after
Heap after GC invocations=32 (full 0):
 PSYoungGen      total 277504K, used 32K [0x000000076da00000, 0x00000007a3780000, 0x00000007c0000000)
  eden space 276992K, 0% used [0x000000076da00000,0x000000076da00000,0x000000077e880000)
  from space 512K, 6% used [0x00000007a3700000,0x00000007a3708000,0x00000007a3780000)
  to   space 15360K, 0% used [0x00000007a1980000,0x00000007a1980000,0x00000007a2880000)
 ParOldGen       total 169472K, used 52653K [0x00000006c8e00000, 0x00000006d3380000, 0x000000076da00000)
  object space 169472K, 31% used [0x00000006c8e00000,0x00000006cc16b520,0x00000006d3380000)
 Metaspace       used 14084K, capacity 14356K, committed 14464K, reserved 1062912K
  class space    used 1272K, capacity 1370K, committed 1408K, reserved 1048576K
}
Event: 207.955 GC heap before
{Heap before GC invocations=33 (full 0):
 PSYoungGen      total 277504K, used 277024K [0x000000076da00000, 0x00000007a3780000, 0x00000007c0000000)
  eden space 276992K, 100% used [0x000000076da00000,0x000000077e880000,0x000000077e880000)
  from space 512K, 6% used [0x00000007a3700000,0x00000007a3708000,0x00000007a3780000)
  to   space 15360K, 0% used [0x00000007a1980000,0x00000007a1980000,0x00000007a2880000)
 ParOldGen       total 169472K, used 52653K [0x00000006c8e00000, 0x00000006d3380000, 0x000000076da00000)
  object space 169472K, 31% used [0x00000006c8e00000,0x00000006cc16b520,0x00000006d3380000)
 Metaspace       used 14084K, capacity 14356K, committed 14464K, reserved 1062912K
  class space    used 1272K, capacity 1370K, committed 1408K, reserved 1048576K
Event: 207.955 GC heap after
Heap after GC invocations=33 (full 0):
 PSYoungGen      total 281600K, used 64K [0x000000076da00000, 0x00000007a3780000, 0x00000007c0000000)
  eden space 266240K, 0% used [0x000000076da00000,0x000000076da00000,0x000000077de00000)
  from space 15360K, 0% used [0x00000007a1980000,0x00000007a1990000,0x00000007a2880000)
  to   space 14848K, 0% used [0x00000007a2900000,0x00000007a2900000,0x00000007a3780000)
 ParOldGen       total 169472K, used 52685K [0x00000006c8e00000, 0x00000006d3380000, 0x000000076da00000)
  object space 169472K, 31% used [0x00000006c8e00000,0x00000006cc173520,0x00000006d3380000)
 Metaspace       used 14084K, capacity 14356K, committed 14464K, reserved 1062912K
  class space    used 1272K, capacity 1370K, committed 1408K, reserved 1048576K
}
Event: 209.694 GC heap before
{Heap before GC invocations=34 (full 0):
 PSYoungGen      total 281600K, used 266304K [0x000000076da00000, 0x00000007a3780000, 0x00000007c0000000)
  eden space 266240K, 100% used [0x000000076da00000,0x000000077de00000,0x000000077de00000)
  from space 15360K, 0% used [0x00000007a1980000,0x00000007a1990000,0x00000007a2880000)
  to   space 14848K, 0% used [0x00000007a2900000,0x00000007a2900000,0x00000007a3780000)
 ParOldGen       total 169472K, used 52685K [0x00000006c8e00000, 0x00000006d3380000, 0x000000076da00000)
  object space 169472K, 31% used [0x00000006c8e00000,0x00000006cc173520,0x00000006d3380000)
 Metaspace       used 14084K, capacity 14356K, committed 14464K, reserved 1062912K
  class space    used 1272K, capacity 1370K, committed 1408K, reserved 1048576K
Event: 209.694 GC heap after
Heap after GC invocations=34 (full 0):
 PSYoungGen      total 256512K, used 64K [0x000000076da00000, 0x00000007a2980000, 0x00000007c0000000)
  eden space 256000K, 0% used [0x000000076da00000,0x000000076da00000,0x000000077d400000)
  from space 512K, 12% used [0x00000007a2900000,0x00000007a2910000,0x00000007a2980000)
  to   space 14848K, 0% used [0x00000007a0c80000,0x00000007a0c80000,0x00000007a1b00000)
 ParOldGen       total 169472K, used 52685K [0x00000006c8e00000, 0x00000006d3380000, 0x000000076da00000)
  object space 169472K, 31% used [0x00000006c8e00000,0x00000006cc173520,0x00000006d3380000)
 Metaspace       used 14084K, capacity 14356K, committed 14464K, reserved 1062912K
  class space    used 1272K, capacity 1370K, committed 1408K, reserved 1048576K
}
Event: 211.387 GC heap before
{Heap before GC invocations=35 (full 0):
 PSYoungGen      total 256512K, used 256064K [0x000000076da00000, 0x00000007a2980000, 0x00000007c0000000)
  eden space 256000K, 100% used [0x000000076da00000,0x000000077d400000,0x000000077d400000)
  from space 512K, 12% used [0x00000007a2900000,0x00000007a2910000,0x00000007a2980000)
  to   space 14848K, 0% used [0x00000007a0c80000,0x00000007a0c80000,0x00000007a1b00000)
 ParOldGen       total 169472K, used 52685K [0x00000006c8e00000, 0x00000006d3380000, 0x000000076da00000)
  object space 169472K, 31% used [0x00000006c8e00000,0x00000006cc173520,0x00000006d3380000)
 Metaspace       used 14084K, capacity 14356K, committed 14464K, reserved 1062912K
  class space    used 1272K, capacity 1370K, committed 1408K, reserved 1048576K
Event: 211.388 GC heap after
Heap after GC invocations=35 (full 0):
 PSYoungGen      total 260608K, used 96K [0x000000076da00000, 0x00000007a2980000, 0x00000007c0000000)
  eden space 245760K, 0% used [0x000000076da00000,0x000000076da00000,0x000000077ca00000)
  from space 14848K, 0% used [0x00000007a0c80000,0x00000007a0c98000,0x00000007a1b00000)
  to   space 14336K, 0% used [0x00000007a1b80000,0x00000007a1b80000,0x00000007a2980000)
 ParOldGen       total 169472K, used 52685K [0x00000006c8e00000, 0x00000006d3380000, 0x000000076da00000)
  object space 169472K, 31% used [0x00000006c8e00000,0x00000006cc173520,0x00000006d3380000)
 Metaspace       used 14084K, capacity 14356K, committed 14464K, reserved 1062912K
  class space    used 1272K, capacity 1370K, committed 1408K, reserved 1048576K
}
Event: 212.926 GC heap before
{Heap before GC invocations=36 (full 0):
 PSYoungGen      total 260608K, used 245856K [0x000000076da00000, 0x00000007a2980000, 0x00000007c0000000)
  eden space 245760K, 100% used [0x000000076da00000,0x000000077ca00000,0x000000077ca00000)
  from space 14848K, 0% used [0x00000007a0c80000,0x00000007a0c98000,0x00000007a1b00000)
  to   space 14336K, 0% used [0x00000007a1b80000,0x00000007a1b80000,0x00000007a2980000)
 ParOldGen       total 169472K, used 52685K [0x00000006c8e00000, 0x00000006d3380000, 0x000000076da00000)
  object space 169472K, 31% used [0x00000006c8e00000,0x00000006cc173520,0x00000006d3380000)
 Metaspace       used 14084K, capacity 14356K, committed 14464K, reserved 1062912K
  class space    used 1272K, capacity 1370K, committed 1408K, reserved 1048576K
Event: 212.927 GC heap after
Heap after GC invocations=36 (full 0):
 PSYoungGen      total 236544K, used 96K [0x000000076da00000, 0x00000007a1c00000, 0x00000007c0000000)
  eden space 236032K, 0% used [0x000000076da00000,0x000000076da00000,0x000000077c080000)
  from space 512K, 18% used [0x00000007a1b80000,0x00000007a1b98000,0x00000007a1c00000)
  to   space 13824K, 0% used [0x00000007a0100000,0x00000007a0100000,0x00000007a0e80000)
 ParOldGen       total 169472K, used 52741K [0x00000006c8e00000, 0x00000006d3380000, 0x000000076da00000)
  object space 169472K, 31% used [0x00000006c8e00000,0x00000006cc181520,0x00000006d3380000)
 Metaspace       used 14084K, capacity 14356K, committed 14464K, reserved 1062912K
  class space    used 1272K, capacity 1370K, committed 1408K, reserved 1048576K
}

